# JRE version: 7.0_25-b15
# Java VM: Java HotSpot(TM) 64-Bit Server VM (23.25-b01 mixed mode bsd-amd64 compressed oops)
Heap
 def new generation   total 118848K, used 2169K [0x00000007b0000000, 0x00000007b80f0000, 0x00000007c5550000)
  eden space 105664K,   2% used [0x00000007b0000000, 0x00000007b021e410, 0x00000007b6730000)
  from space 13184K,   0% used [0x00000007b6730000, 0x00000007b6730000, 0x00000007b7410000)
  to   space 13184K,   0% used [0x00000007b7410000, 0x00000007b7410000, 0x00000007b80f0000)
 tenured generation   total 263924K, used 158353K [0x00000007c5550000, 0x00000007d570d000, 0x00000007f0000000)
   the space 263924K,  59% used [0x00000007c5550000, 0x00000007ceff4590, 0x00000007ceff4600, 0x00000007d570d000)
 compacting perm gen  total 85568K, used 85563K [0x00000007f0000000, 0x00000007f5390000, 0x0000000800000000)
   the space 85568K,  99% used [0x00000007f0000000, 0x00000007f538ecf8, 0x00000007f538ee00, 0x00000007f5390000)
GC Heap History (10 events):
Event: 27.847 GC heap before
{Heap before GC invocations=99 (full 11):
 def new generation   total 106688K, used 98909K [0x00000007b0000000, 0x00000007b73c0000, 0x00000007c5550000)
  eden space 94848K, 100% used [0x00000007b0000000, 0x00000007b5ca0000, 0x00000007b5ca0000)
  from space 11840K,  34% used [0x00000007b6830000, 0x00000007b6c275e8, 0x00000007b73c0000)
  to   space 11840K,   0% used [0x00000007b5ca0000, 0x00000007b5ca0000, 0x00000007b6830000)
 tenured generation   total 236924K, used 142154K [0x00000007c5550000, 0x00000007d3caf000, 0x00000007f0000000)
   the space 236924K,  59% used [0x00000007c5550000, 0x00000007ce022980, 0x00000007ce022a00, 0x00000007d3caf000)
 compacting perm gen  total 83648K, used 83456K [0x00000007f0000000, 0x00000007f51b0000, 0x0000000800000000)
   the space 83648K,  99% used [0x00000007f0000000, 0x00000007f5180068, 0x00000007f5180200, 0x00000007f51b0000)
No shared spaces configured.
Event: 27.864 GC heap after
Heap after GC invocations=100 (full 11):
 def new generation   total 106688K, used 7686K [0x00000007b0000000, 0x00000007b73c0000, 0x00000007c5550000)
  eden space 94848K,   0% used [0x00000007b0000000, 0x00000007b0000000, 0x00000007b5ca0000)
  from space 11840K,  64% used [0x00000007b5ca0000, 0x00000007b6421a90, 0x00000007b6830000)
  to   space 11840K,   0% used [0x00000007b6830000, 0x00000007b6830000, 0x00000007b73c0000)
 tenured generation   total 236924K, used 142154K [0x00000007c5550000, 0x00000007d3caf000, 0x00000007f0000000)
   the space 236924K,  59% used [0x00000007c5550000, 0x00000007ce022980, 0x00000007ce022a00, 0x00000007d3caf000)
 compacting perm gen  total 83648K, used 83456K [0x00000007f0000000, 0x00000007f51b0000, 0x0000000800000000)
   the space 83648K,  99% used [0x00000007f0000000, 0x00000007f5180068, 0x00000007f5180200, 0x00000007f51b0000)
No shared spaces configured.
}
Event: 28.644 GC heap before
{Heap before GC invocations=100 (full 11):
 def new generation   total 106688K, used 102534K [0x00000007b0000000, 0x00000007b73c0000, 0x00000007c5550000)
  eden space 94848K, 100% used [0x00000007b0000000, 0x00000007b5ca0000, 0x00000007b5ca0000)
  from space 11840K,  64% used [0x00000007b5ca0000, 0x00000007b6421a90, 0x00000007b6830000)
  to   space 11840K,   0% used [0x00000007b6830000, 0x00000007b6830000, 0x00000007b73c0000)
 tenured generation   total 236924K, used 142154K [0x00000007c5550000, 0x00000007d3caf000, 0x00000007f0000000)
   the space 236924K,  59% used [0x00000007c5550000, 0x00000007ce022980, 0x00000007ce022a00, 0x00000007d3caf000)
 compacting perm gen  total 83968K, used 83919K [0x00000007f0000000, 0x00000007f5200000, 0x0000000800000000)
   the space 83968K,  99% used [0x00000007f0000000, 0x00000007f51f3c48, 0x00000007f51f3e00, 0x00000007f5200000)
No shared spaces configured.
Event: 28.667 GC heap after
Heap after GC invocations=101 (full 11):
 def new generation   total 106688K, used 4672K [0x00000007b0000000, 0x00000007b73c0000, 0x00000007c5550000)
  eden space 94848K,   0% used [0x00000007b0000000, 0x00000007b0000000, 0x00000007b5ca0000)
  from space 11840K,  39% used [0x00000007b6830000, 0x00000007b6cc0008, 0x00000007b73c0000)
  to   space 11840K,   0% used [0x00000007b5ca0000, 0x00000007b5ca0000, 0x00000007b6830000)
 tenured generation   total 236924K, used 146194K [0x00000007c5550000, 0x00000007d3caf000, 0x00000007f0000000)
   the space 236924K,  61% used [0x00000007c5550000, 0x00000007ce4148b0, 0x00000007ce414a00, 0x00000007d3caf000)
 compacting perm gen  total 83968K, used 83919K [0x00000007f0000000, 0x00000007f5200000, 0x0000000800000000)
   the space 83968K,  99% used [0x00000007f0000000, 0x00000007f51f3c48, 0x00000007f51f3e00, 0x00000007f5200000)
No shared spaces configured.
}
Event: 29.234 GC heap before
{Heap before GC invocations=101 (full 11):
 def new generation   total 106688K, used 99520K [0x00000007b0000000, 0x00000007b73c0000, 0x00000007c5550000)
  eden space 94848K, 100% used [0x00000007b0000000, 0x00000007b5ca0000, 0x00000007b5ca0000)
  from space 11840K,  39% used [0x00000007b6830000, 0x00000007b6cc0008, 0x00000007b73c0000)
  to   space 11840K,   0% used [0x00000007b5ca0000, 0x00000007b5ca0000, 0x00000007b6830000)
 tenured generation   total 236924K, used 146194K [0x00000007c5550000, 0x00000007d3caf000, 0x00000007f0000000)
   the space 236924K,  61% used [0x00000007c5550000, 0x00000007ce4148b0, 0x00000007ce414a00, 0x00000007d3caf000)
 compacting perm gen  total 84608K, used 84546K [0x00000007f0000000, 0x00000007f52a0000, 0x0000000800000000)
   the space 84608K,  99% used [0x00000007f0000000, 0x00000007f52909e8, 0x00000007f5290a00, 0x00000007f52a0000)
No shared spaces configured.
Event: 29.252 GC heap after
Heap after GC invocations=102 (full 11):
 def new generation   total 106688K, used 8039K [0x00000007b0000000, 0x00000007b73c0000, 0x00000007c5550000)
  eden space 94848K,   0% used [0x00000007b0000000, 0x00000007b0000000, 0x00000007b5ca0000)
  from space 11840K,  67% used [0x00000007b5ca0000, 0x00000007b6479d00, 0x00000007b6830000)
  to   space 11840K,   0% used [0x00000007b6830000, 0x00000007b6830000, 0x00000007b73c0000)
 tenured generation   total 236924K, used 146194K [0x00000007c5550000, 0x00000007d3caf000, 0x00000007f0000000)
   the space 236924K,  61% used [0x00000007c5550000, 0x00000007ce4148b0, 0x00000007ce414a00, 0x00000007d3caf000)
 compacting perm gen  total 84608K, used 84546K [0x00000007f0000000, 0x00000007f52a0000, 0x0000000800000000)
   the space 84608K,  99% used [0x00000007f0000000, 0x00000007f52909e8, 0x00000007f5290a00, 0x00000007f52a0000)
No shared spaces configured.
}
Event: 29.836 GC heap before
{Heap before GC invocations=102 (full 11):
 def new generation   total 106688K, used 102887K [0x00000007b0000000, 0x00000007b73c0000, 0x00000007c5550000)
  eden space 94848K, 100% used [0x00000007b0000000, 0x00000007b5ca0000, 0x00000007b5ca0000)
  from space 11840K,  67% used [0x00000007b5ca0000, 0x00000007b6479d00, 0x00000007b6830000)
  to   space 11840K,   0% used [0x00000007b6830000, 0x00000007b6830000, 0x00000007b73c0000)
 tenured generation   total 236924K, used 146194K [0x00000007c5550000, 0x00000007d3caf000, 0x00000007f0000000)
   the space 236924K,  61% used [0x00000007c5550000, 0x00000007ce4148b0, 0x00000007ce414a00, 0x00000007d3caf000)
 compacting perm gen  total 85248K, used 85089K [0x00000007f0000000, 0x00000007f5340000, 0x0000000800000000)
   the space 85248K,  99% used [0x00000007f0000000, 0x00000007f5318680, 0x00000007f5318800, 0x00000007f5340000)
No shared spaces configured.
Event: 29.871 GC heap after
Heap after GC invocations=103 (full 11):
 def new generation   total 106688K, used 8238K [0x00000007b0000000, 0x00000007b73c0000, 0x00000007c5550000)
  eden space 94848K,   0% used [0x00000007b0000000, 0x00000007b0000000, 0x00000007b5ca0000)
  from space 11840K,  69% used [0x00000007b6830000, 0x00000007b703ba08, 0x00000007b73c0000)
  to   space 11840K,   0% used [0x00000007b5ca0000, 0x00000007b5ca0000, 0x00000007b6830000)
 tenured generation   total 236924K, used 149100K [0x00000007c5550000, 0x00000007d3caf000, 0x00000007f0000000)
   the space 236924K,  62% used [0x00000007c5550000, 0x00000007ce6eb178, 0x00000007ce6eb200, 0x00000007d3caf000)
 compacting perm gen  total 85248K, used 85089K [0x00000007f0000000, 0x00000007f5340000, 0x0000000800000000)
   the space 85248K,  99% used [0x00000007f0000000, 0x00000007f5318680, 0x00000007f5318800, 0x00000007f5340000)
No shared spaces configured.
}
Event: 30.237 GC heap before
{Heap before GC invocations=103 (full 11):
 def new generation   total 106688K, used 80554K [0x00000007b0000000, 0x00000007b73c0000, 0x00000007c5550000)
  eden space 94848K,  76% used [0x00000007b0000000, 0x00000007b469f188, 0x00000007b5ca0000)
  from space 11840K,  69% used [0x00000007b6830000, 0x00000007b703ba08, 0x00000007b73c0000)
  to   space 11840K,   0% used [0x00000007b5ca0000, 0x00000007b5ca0000, 0x00000007b6830000)
 tenured generation   total 236924K, used 149100K [0x00000007c5550000, 0x00000007d3caf000, 0x00000007f0000000)
   the space 236924K,  62% used [0x00000007c5550000, 0x00000007ce6eb178, 0x00000007ce6eb200, 0x00000007d3caf000)
 compacting perm gen  total 85568K, used 85567K [0x00000007f0000000, 0x00000007f5390000, 0x0000000800000000)
   the space 85568K,  99% used [0x00000007f0000000, 0x00000007f538feb0, 0x00000007f5390000, 0x00000007f5390000)
No shared spaces configured.
Event: 30.917 GC heap after
Heap after GC invocations=104 (full 12):
 def new generation   total 118848K, used 0K [0x00000007b0000000, 0x00000007b80f0000, 0x00000007c5550000)
  eden space 105664K,   0% used [0x00000007b0000000, 0x00000007b0000000, 0x00000007b6730000)
  from space 13184K,   0% used [0x00000007b6730000, 0x00000007b6730000, 0x00000007b7410000)
  to   space 13184K,   0% used [0x00000007b7410000, 0x00000007b7410000, 0x00000007b80f0000)
 tenured generation   total 263924K, used 158353K [0x00000007c5550000, 0x00000007d570d000, 0x00000007f0000000)
   the space 263924K,  59% used [0x00000007c5550000, 0x00000007ceff4590, 0x00000007ceff4600, 0x00000007d570d000)
 compacting perm gen  total 85568K, used 85561K [0x00000007f0000000, 0x00000007f5390000, 0x0000000800000000)
   the space 85568K,  99% used [0x00000007f0000000, 0x00000007f538e6d8, 0x00000007f538e800, 0x00000007f5390000)
No shared spaces configured.
}

